<?xml version="1.0" encoding="UTF-8"?>
<!-- Generated by org.testng.reporters.JUnitReportReporter -->
<testsuite skipped="0" hostname="administrator-Latitude-3450" name="com.rest.Mockresp" tests="1" failures="0" timestamp="2021-11-16T22:08:39 IST" time="4.922" errors="0">
  <testcase name="mock" time="4.922" classname="com.rest.Mockresp"/>
  <system-out/>
</testsuite> <!-- com.rest.Mockresp -->
