<?xml version="1.0" encoding="UTF-8"?>
<!-- Generated by org.testng.reporters.JUnitReportReporter -->
<testsuite skipped="0" hostname="administrator-Latitude-3450" name="com.rest.extract" tests="1" failures="0" timestamp="2021-11-13T21:07:36 IST" time="4.793" errors="0">
  <testcase name="extractresp" time="4.793" classname="com.rest.extract"/>
  <system-out/>
</testsuite> <!-- com.rest.extract -->
