<?xml version="1.0" encoding="UTF-8"?>
<!-- Generated by org.testng.reporters.JUnitReportReporter -->
<testsuite skipped="0" hostname="administrator-Latitude-3450" name="com.rest.postcal" tests="1" failures="0" timestamp="2021-11-15T21:02:28 IST" time="7.172" errors="0">
  <testcase name="post" time="7.172" classname="com.rest.postcal"/>
  <system-out/>
</testsuite> <!-- com.rest.postcal -->
