<?xml version="1.0" encoding="UTF-8"?>
<!-- Generated by org.testng.reporters.JUnitReportReporter -->
<testsuite skipped="0" hostname="administrator-Latitude-3450" name="com.rest.sample" tests="1" failures="0" timestamp="2021-11-13T14:09:17 IST" time="2.593" errors="0">
  <testcase name="restauto" time="2.593" classname="com.rest.sample"/>
  <system-out/>
</testsuite> <!-- com.rest.sample -->
