<?xml version="1.0" encoding="UTF-8"?>
<!-- Generated by org.testng.reporters.JUnitReportReporter -->
<testsuite skipped="0" hostname="administrator-Latitude-3450" name="com.rest.filestatic" tests="1" failures="0" timestamp="2021-11-17T14:20:41 IST" time="4.149" errors="0">
  <testcase name="filed" time="4.149" classname="com.rest.filestatic"/>
  <system-out/>
</testsuite> <!-- com.rest.filestatic -->
