<?xml version="1.0" encoding="UTF-8"?>
<!-- Generated by org.testng.reporters.JUnitReportReporter -->
<testsuite skipped="0" hostname="administrator-Latitude-3450" name="com.rest.libapi" tests="4" failures="0" timestamp="2021-11-17T13:39:22 IST" time="5.427" errors="0">
  <testcase name="dynamic" time="3.674" classname="com.rest.libapi"/>
  <system-out/>
  <testcase name="dynamic" time="0.561" classname="com.rest.libapi"/>
  <system-out/>
  <testcase name="dynamic" time="0.560" classname="com.rest.libapi"/>
  <system-out/>
  <testcase name="dynamic" time="0.632" classname="com.rest.libapi"/>
  <system-out/>
</testsuite> <!-- com.rest.libapi -->
