<?xml version="1.0" encoding="UTF-8"?>
<!-- Generated by org.testng.reporters.JUnitReportReporter -->
<testsuite skipped="0" hostname="administrator-Latitude-3450" name="com.rest.automateGET" tests="1" failures="0" timestamp="2021-11-13T20:33:54 IST" time="5.761" errors="0">
  <testcase name="get" time="5.761" classname="com.rest.automateGET"/>
  <system-out/>
</testsuite> <!-- com.rest.automateGET -->
